<?xml version="1.0" encoding="UTF-8"?>
<testsuite xmlns:xsi="http://www.w3.org/2001/XMLSchema-instance" xsi:noNamespaceSchemaLocation="https://maven.apache.org/surefire/maven-surefire-plugin/xsd/surefire-test-report.xsd" name="com.onlineshop.backendproject.ProductTest" time="1.648" tests="6" errors="1" skipped="5" failures="0">
  <properties>
[...]
</properties>
  <testcase name="updateProduct" classname="com.onlineshop.backendproject.ProductTest" time="0">
    <skipped/>
    <system-err><![CDATA[Nov 18, 2018 1:49:37 PM org.springframework.context.annotation.AnnotationConfigApplicationContext prepareRefresh
INFO: Refreshing org.springframework.context.annotation.AnnotationConfigApplicationContext@5a101b1c: startup date [Sun Nov 18 13:49:37 IST 2018]; root of context hierarchy
Nov 18, 2018 1:49:38 PM org.springframework.jdbc.datasource.DriverManagerDataSource setDriverClassName
INFO: Loaded JDBC driver: org.h2.Driver
Nov 18, 2018 1:49:38 PM org.hibernate.dialect.Dialect <init>
INFO: HHH000400: Using dialect: org.hibernate.dialect.H2Dialect
Nov 18, 2018 1:49:38 PM org.springframework.orm.hibernate5.HibernateTransactionManager afterPropertiesSet
INFO: Using DataSource [org.springframework.jdbc.datasource.DriverManagerDataSource@6f6962ba] of Hibernate SessionFactory for HibernateTransactionManager
]]></system-err>
  </testcase>
  <testcase name="getAllProducts" classname="com.onlineshop.backendproject.ProductTest" time="0">
    <skipped/>
  </testcase>
  <testcase name="getProductId" classname="com.onlineshop.backendproject.ProductTest" time="0">
    <skipped/>
  </testcase>
  <testcase name="deleteProduct" classname="com.onlineshop.backendproject.ProductTest" time="0">
    <skipped/>
  </testcase>
  <testcase name="addProduct" classname="com.onlineshop.backendproject.ProductTest" time="0.457">
    <error message="could not execute statement; SQL [n/a]; constraint [&quot;FK91H9H6MQDQWBRBDO91XC7B30C: PUBLIC.PRO_TAB FOREIGN KEY(CATEGORYID) REFERENCES PUBLIC.CAT_TAB(CATEGORYID) (1)&quot;; SQL statement:&#10;insert into Pro_tab (categoryid, imgName, price, productdescription, productname, quantity, status, supplierid, productid) values (?, ?, ?, ?, ?, ?, ?, ?, ?) [23506-196]]; nested exception is org.hibernate.exception.ConstraintViolationException: could not execute statement" type="org.springframework.dao.DataIntegrityViolationException">org.springframework.dao.DataIntegrityViolationException: 
could not execute statement; SQL [n/a]; constraint ["FK91H9H6MQDQWBRBDO91XC7B30C: PUBLIC.PRO_TAB FOREIGN KEY(CATEGORYID) REFERENCES PUBLIC.CAT_TAB(CATEGORYID) (1)"; SQL statement:
insert into Pro_tab (categoryid, imgName, price, productdescription, productname, quantity, status, supplierid, productid) values (?, ?, ?, ?, ?, ?, ?, ?, ?) [23506-196]]; nested exception is org.hibernate.exception.ConstraintViolationException: could not execute statement
	at com.onlineshop.backendproject.ProductTest.addProduct(ProductTest.java:38)
Caused by: org.hibernate.exception.ConstraintViolationException: could not execute statement
	at com.onlineshop.backendproject.ProductTest.addProduct(ProductTest.java:38)
Caused by: org.h2.jdbc.JdbcSQLException: 
Referential integrity constraint violation: "FK91H9H6MQDQWBRBDO91XC7B30C: PUBLIC.PRO_TAB FOREIGN KEY(CATEGORYID) REFERENCES PUBLIC.CAT_TAB(CATEGORYID) (1)"; SQL statement:
insert into Pro_tab (categoryid, imgName, price, productdescription, productname, quantity, status, supplierid, productid) values (?, ?, ?, ?, ?, ?, ?, ?, ?) [23506-196]
	at com.onlineshop.backendproject.ProductTest.addProduct(ProductTest.java:38)
</error>
    <system-out><![CDATA[Hibernate: call next value for hibernate_sequence
Hibernate: insert into Pro_tab (categoryid, imgName, price, productdescription, productname, quantity, status, supplierid, productid) values (?, ?, ?, ?, ?, ?, ?, ?, ?)
]]></system-out>
    <system-err><![CDATA[Nov 18, 2018 1:49:39 PM org.hibernate.engine.jdbc.spi.SqlExceptionHelper logExceptions
WARN: SQL Error: 23506, SQLState: 23506
Nov 18, 2018 1:49:39 PM org.hibernate.engine.jdbc.spi.SqlExceptionHelper logExceptions
ERROR: Referential integrity constraint violation: "FK91H9H6MQDQWBRBDO91XC7B30C: PUBLIC.PRO_TAB FOREIGN KEY(CATEGORYID) REFERENCES PUBLIC.CAT_TAB(CATEGORYID) (1)"; SQL statement:
insert into Pro_tab (categoryid, imgName, price, productdescription, productname, quantity, status, supplierid, productid) values (?, ?, ?, ?, ?, ?, ?, ?, ?) [23506-196]
Nov 18, 2018 1:49:39 PM org.hibernate.engine.jdbc.batch.internal.AbstractBatchImpl release
INFO: HHH000010: On release of batch it still contained JDBC statements
Nov 18, 2018 1:49:39 PM org.hibernate.internal.ExceptionMapperStandardImpl mapManagedFlushFailure
ERROR: HHH000346: Error during managed flush [org.hibernate.exception.ConstraintViolationException: could not execute statement]
]]></system-err>
  </testcase>
  <testcase name="getAllProductsByCategory" classname="com.onlineshop.backendproject.ProductTest" time="0">
    <skipped/>
  </testcase>
</testsuite>